New log file opened at Mon Apr 04 11:48:26 BST 2016 by 804@DESKTOP-7UG7O8D
jvm 804@DESKTOP-7UG7O8D
jvm vmName=Java HotSpot(TM) Client VM vmVendor=Oracle Corporation vmVersion=25.66-b18
jvm specName=Java Virtual Machine Specification specVendor=Oracle Corporation specVersion=1.8
jvm arguments: [-Xms256m, -Xmx1024m, -XX:MetaspaceSize=64m, -XX:MaxMetaspaceSize=256m]
Starting event engine
Starting sbt command engine
Waiting for sbt command engine
Command engine arguments=List()
Command engine baseDirectory=C:\Users\pc\dev\fyp\fyp-dev\DEV-FYP-Process-Controller-Service
Command engine initial remaining commands List(--initialize, onFailure load-failed, boot, server-send-ready-for-request, server-handle-next-server-request)
> --initialize
> initialize
> onFailure load-failed
> boot
> reload
[Loading] Scanning directory C:\Users\pc\dev\fyp\fyp-dev\DEV-FYP-Process-Controller-Service\project
[Loading] Found non-root projects 
[Loading] Done in C:\Users\pc\dev\fyp\fyp-dev\DEV-FYP-Process-Controller-Service\project, returning: ()
deducing auto plugins based on known facts Set(Atom(sbt.plugins.CorePlugin)) and clauses Clauses(List(Clause(Atom(sbt.plugins.JvmPlugin),Set(Atom(sbt.plugins.IvyPlugin))), Clause(Atom(sbt.plugins.JUnitXmlReportPlugin),Set(Atom(sbt.plugins.JvmPlugin))), Clause(Atom(sbt.plugins.CorePlugin),Set(Atom(sbt.plugins.IvyPlugin))), Clause(Atom(sbt.plugins.IvyPlugin),Set(Atom(sbt.plugins.JvmPlugin))), Clause(Atom(sbt.plugins.JvmPlugin),Set(Atom(sbt.plugins.JUnitXmlReportPlugin)))))
  :: deduced result: Matched(sbt.plugins.CorePlugin,sbt.plugins.IvyPlugin,sbt.plugins.JvmPlugin,sbt.plugins.JUnitXmlReportPlugin)
sorting: ns: List(sbt.plugins.CorePlugin, sbt.plugins.IvyPlugin, sbt.plugins.JvmPlugin, sbt.plugins.JUnitXmlReportPlugin)
  :: sorting:: found: List(sbt.plugins.CorePlugin) not found List(sbt.plugins.IvyPlugin, sbt.plugins.JvmPlugin, sbt.plugins.JUnitXmlReportPlugin)
  :: sorting:: found: List(sbt.plugins.CorePlugin, sbt.plugins.IvyPlugin) not found List(sbt.plugins.JvmPlugin, sbt.plugins.JUnitXmlReportPlugin)
  :: sorting:: found: List(sbt.plugins.CorePlugin, sbt.plugins.IvyPlugin, sbt.plugins.JvmPlugin) not found List(sbt.plugins.JUnitXmlReportPlugin)
  :: sorting:: found: List(sbt.plugins.CorePlugin, sbt.plugins.IvyPlugin, sbt.plugins.JvmPlugin, sbt.plugins.JUnitXmlReportPlugin) not found List()
  :: sorted deduced result: List(sbt.plugins.CorePlugin, sbt.plugins.IvyPlugin, sbt.plugins.JvmPlugin, sbt.plugins.JUnitXmlReportPlugin)
[Loading] Done in C:\Users\pc\dev\fyp\fyp-dev\DEV-FYP-Process-Controller-Service\project, returning: (dev-fyp-process-controller-service-build)
Loading project definition from C:\Users\pc\dev\fyp\fyp-dev\DEV-FYP-Process-Controller-Service\project
Running task... Cancel: sbt.TaskCancellationStrategy$Null$@b169bc, check cycles: false

Initial source changes: 
	removed:Set()
	added: Set()
	modified: Set()
Removed products: Set()
External API changes: API Changes: Set()
Modified binary dependencies: Set()
Initial directly invalidated sources: Set()

Sources indirectly invalidated by:
	product: Set()
	binary dep: Set()
	external source: Set()
All initially invalidated sources: Set()

Copy resource mappings: 
	
[Loading] Scanning directory C:\Users\pc\dev\fyp\fyp-dev\DEV-FYP-Process-Controller-Service
[Loading] Found non-root projects 
[Loading] Done in C:\Users\pc\dev\fyp\fyp-dev\DEV-FYP-Process-Controller-Service, returning: ()
deducing auto plugins based on known facts Set(Atom(sbt.plugins.CorePlugin)) and clauses Clauses(List(Clause(Atom(sbt.plugins.JvmPlugin),Set(Atom(sbt.plugins.IvyPlugin))), Clause(Atom(sbt.plugins.JUnitXmlReportPlugin),Set(Atom(sbt.plugins.JvmPlugin))), Clause(Atom(sbt.plugins.BackgroundRunPlugin),Set(Atom(sbt.plugins.JvmPlugin))), Clause(Atom(sbt.plugins.CorePlugin),Set(Atom(sbt.plugins.IvyPlugin))), Clause(Atom(sbt.plugins.IvyPlugin),Set(Atom(sbt.plugins.JvmPlugin))), Clause(Atom(sbt.plugins.JvmPlugin),Set(Atom(sbt.plugins.JUnitXmlReportPlugin))), Clause(Atom(sbt.plugins.JvmPlugin),Set(Atom(sbt.plugins.BackgroundRunPlugin))), Clause(Atom(sbt.plugins.CorePlugin),Set(Atom(sbt.plugins.InteractionServicePlugin))), Clause(Atom(sbt.plugins.CorePlugin),Set(Atom(sbt.plugins.SendEventServicePlugin))), Clause(Atom(sbt.plugins.CorePlugin),Set(Atom(sbt.plugins.SerializersPlugin)))))
  :: deduced result: Matched(sbt.plugins.CorePlugin,sbt.plugins.SerializersPlugin,sbt.plugins.SendEventServicePlugin,sbt.plugins.InteractionServicePlugin,sbt.plugins.IvyPlugin,sbt.plugins.JvmPlugin,sbt.plugins.BackgroundRunPlugin,sbt.plugins.JUnitXmlReportPlugin)
sorting: ns: List(sbt.plugins.CorePlugin, sbt.plugins.SerializersPlugin, sbt.plugins.SendEventServicePlugin, sbt.plugins.InteractionServicePlugin, sbt.plugins.IvyPlugin, sbt.plugins.JvmPlugin, sbt.plugins.BackgroundRunPlugin, sbt.plugins.JUnitXmlReportPlugin)
  :: sorting:: found: List(sbt.plugins.CorePlugin) not found List(sbt.plugins.SerializersPlugin, sbt.plugins.SendEventServicePlugin, sbt.plugins.InteractionServicePlugin, sbt.plugins.IvyPlugin, sbt.plugins.JvmPlugin, sbt.plugins.BackgroundRunPlugin, sbt.plugins.JUnitXmlReportPlugin)
  :: sorting:: found: List(sbt.plugins.CorePlugin, sbt.plugins.SerializersPlugin, sbt.plugins.SendEventServicePlugin, sbt.plugins.InteractionServicePlugin, sbt.plugins.IvyPlugin) not found List(sbt.plugins.JvmPlugin, sbt.plugins.BackgroundRunPlugin, sbt.plugins.JUnitXmlReportPlugin)
  :: sorting:: found: List(sbt.plugins.CorePlugin, sbt.plugins.SerializersPlugin, sbt.plugins.SendEventServicePlugin, sbt.plugins.InteractionServicePlugin, sbt.plugins.IvyPlugin, sbt.plugins.JvmPlugin) not found List(sbt.plugins.BackgroundRunPlugin, sbt.plugins.JUnitXmlReportPlugin)
  :: sorting:: found: List(sbt.plugins.CorePlugin, sbt.plugins.SerializersPlugin, sbt.plugins.SendEventServicePlugin, sbt.plugins.InteractionServicePlugin, sbt.plugins.IvyPlugin, sbt.plugins.JvmPlugin, sbt.plugins.BackgroundRunPlugin, sbt.plugins.JUnitXmlReportPlugin) not found List()
  :: sorted deduced result: List(sbt.plugins.CorePlugin, sbt.plugins.SerializersPlugin, sbt.plugins.SendEventServicePlugin, sbt.plugins.InteractionServicePlugin, sbt.plugins.IvyPlugin, sbt.plugins.JvmPlugin, sbt.plugins.BackgroundRunPlugin, sbt.plugins.JUnitXmlReportPlugin)
[Loading] Done in C:\Users\pc\dev\fyp\fyp-dev\DEV-FYP-Process-Controller-Service, returning: (dev-fyp-process-controller-service)
Set current project to FYP-Process-Controller-Service (in build file:/C:/Users/pc/dev/fyp/fyp-dev/DEV-FYP-Process-Controller-Service/)
Reapplying settings...
Set current project to FYP-Process-Controller-Service (in build file:/C:/Users/pc/dev/fyp/fyp-dev/DEV-FYP-Process-Controller-Service/)
> iflast shell
> server-send-ready-for-request
> server-handle-next-server-request
> compile
Evaluating tasks: compile:compile
Running task... Cancel: sbt.server.ServerTaskCancellation@13c94ce, check cycles: false

Initial source changes: 
	removed:Set()
	added: Set()
	modified: Set()
Removed products: Set()
External API changes: API Changes: Set()
Modified binary dependencies: Set()
Initial directly invalidated sources: Set()

Sources indirectly invalidated by:
	product: Set()
	binary dep: Set()
	external source: Set()
All initially invalidated sources: Set()

Total time: 2 s, completed 04-Apr-2016 11:48:34
> server-post-command-cleanup
> server-handle-next-server-request
> {file:/C:/Users/pc/dev/fyp/fyp-dev/DEV-FYP-Process-Controller-Service/}dev-fyp-process-controller-service/compile:discoveredMainClasses
Evaluating tasks: compile:discoveredMainClasses
Running task... Cancel: sbt.server.ServerTaskCancellation@1382166, check cycles: false

Initial source changes: 
	removed:Set()
	added: Set()
	modified: Set()
Removed products: Set()
External API changes: API Changes: Set()
Modified binary dependencies: Set()
Initial directly invalidated sources: Set()

Sources indirectly invalidated by:
	product: Set()
	binary dep: Set()
	external source: Set()
All initially invalidated sources: Set()

Total time: 1 s, completed 04-Apr-2016 11:48:35
> server-post-command-cleanup
> server-handle-next-server-request
> {file:/C:/Users/pc/dev/fyp/fyp-dev/DEV-FYP-Process-Controller-Service/}dev-fyp-process-controller-service/compile:mainClass
Evaluating tasks: compile:mainClass
Running task... Cancel: sbt.server.ServerTaskCancellation@4074c1, check cycles: false

Initial source changes: 
	removed:Set()
	added: Set()
	modified: Set()
Removed products: Set()
External API changes: API Changes: Set()
Modified binary dependencies: Set()
Initial directly invalidated sources: Set()

Sources indirectly invalidated by:
	product: Set()
	binary dep: Set()
	external source: Set()
All initially invalidated sources: Set()

Total time: 1 s, completed 04-Apr-2016 11:48:36
> server-post-command-cleanup
> server-handle-next-server-request
> {file:/C:/Users/pc/dev/fyp/fyp-dev/DEV-FYP-Process-Controller-Service/}dev-fyp-process-controller-service/compile:discoveredMainClasses
Evaluating tasks: compile:discoveredMainClasses
Running task... Cancel: sbt.server.ServerTaskCancellation@1bd966e, check cycles: false

Initial source changes: 
	removed:Set()
	added: Set()
	modified: Set()
Removed products: Set()
External API changes: API Changes: Set()
Modified binary dependencies: Set()
Initial directly invalidated sources: Set()

Sources indirectly invalidated by:
	product: Set()
	binary dep: Set()
	external source: Set()
All initially invalidated sources: Set()

Total time: 1 s, completed 04-Apr-2016 11:48:36
> server-post-command-cleanup
> server-handle-next-server-request
> test
Evaluating tasks: test:test
Running task... Cancel: sbt.server.ServerTaskCancellation@c7074e, check cycles: false

Initial source changes: 
	removed:Set()
	added: Set()
	modified: Set()
Removed products: Set()
External API changes: API Changes: Set()
Modified binary dependencies: Set()
Initial directly invalidated sources: Set()

Sources indirectly invalidated by:
	product: Set()
	binary dep: Set()
	external source: Set()
All initially invalidated sources: Set()

Copy resource mappings: 
	

Initial source changes: 
	removed:Set()
	added: Set()
	modified: Set(C:\Users\pc\dev\fyp\fyp-dev\DEV-FYP-Process-Controller-Service\src\test\scala\com\support\ProcessControllerlHelperSpec.scala)
Removed products: Set()
External API changes: API Changes: Set()
Modified binary dependencies: Set()
Initial directly invalidated sources: Set(C:\Users\pc\dev\fyp\fyp-dev\DEV-FYP-Process-Controller-Service\src\test\scala\com\support\ProcessControllerlHelperSpec.scala)

Sources indirectly invalidated by:
	product: Set()
	binary dep: Set()
	external source: Set()
All initially invalidated sources: Set(C:\Users\pc\dev\fyp\fyp-dev\DEV-FYP-Process-Controller-Service\src\test\scala\com\support\ProcessControllerlHelperSpec.scala)

Read from stdout: Compiling 1 Scala source to C:\Users\pc\dev\fyp\fyp-dev\DEV-FYP-Process-Controller-Service\target\scala-2.11\test-classes...
Compiling 1 Scala source to C:\Users\pc\dev\fyp\fyp-dev\DEV-FYP-Process-Controller-Service\target\scala-2.11\test-classes...
Getting compiler-interface from component compiler for Scala 2.11.7
Other repositories:
Default repositories:
Getting compiler-interface from component compiler for Scala 2.11.7
Other repositories:
Default repositories:
Running cached compiler 535c99, interfacing (CompilerInterface) with Scala compiler version 2.11.7
Calling Scala compiler with arguments  (CompilerInterface):
	-bootclasspath
	C:\Program Files (x86)\Java\jre1.8.0_66\lib\resources.jar;C:\Program Files (x86)\Java\jre1.8.0_66\lib\rt.jar;C:\Program Files (x86)\Java\jre1.8.0_66\lib\sunrsasign.jar;C:\Program Files (x86)\Java\jre1.8.0_66\lib\jsse.jar;C:\Program Files (x86)\Java\jre1.8.0_66\lib\jce.jar;C:\Program Files (x86)\Java\jre1.8.0_66\lib\charsets.jar;C:\Program Files (x86)\Java\jre1.8.0_66\lib\jfr.jar;C:\Program Files (x86)\Java\jre1.8.0_66\classes;C:\Users\pc\.ivy2\cache\org.scala-lang\scala-library\jars\scala-library-2.11.7.jar
	-classpath
	C:\Users\pc\dev\fyp\fyp-dev\DEV-FYP-Process-Controller-Service\target\scala-2.11\test-classes;C:\Users\pc\dev\fyp\fyp-dev\DEV-FYP-Process-Controller-Service\target\scala-2.11\classes;C:\Users\pc\.ivy2\cache\com.typesafe\config\bundles\config-1.2.1.jar;C:\Users\pc\.ivy2\cache\io.spray\spray-routing_2.11\bundles\spray-routing_2.11-1.3.3.jar;C:\Users\pc\.ivy2\cache\io.spray\spray-http_2.11\bundles\spray-http_2.11-1.3.3.jar;C:\Users\pc\.ivy2\cache\io.spray\spray-util_2.11\bundles\spray-util_2.11-1.3.3.jar;C:\Users\pc\.ivy2\cache\org.parboiled\parboiled-scala_2.11\jars\parboiled-scala_2.11-1.1.7.jar;C:\Users\pc\.ivy2\cache\org.parboiled\parboiled-core\jars\parboiled-core-1.1.7.jar;C:\Users\pc\.ivy2\cache\io.spray\spray-httpx_2.11\bundles\spray-httpx_2.11-1.3.3.jar;C:\Users\pc\.ivy2\cache\org.scala-lang.modules\scala-xml_2.11\bundles\scala-xml_2.11-1.0.3.jar;C:\Users\pc\.ivy2\cache\org.jvnet.mimepull\mimepull\jars\mimepull-1.9.5.jar;C:\Users\pc\.ivy2\cache\com.chuusai\shapeless_2.11\jars\shapeless_2.11-1.2.4.jar;C:\Users\pc\.ivy2\cache\io.spray\spray-client_2.11\bundles\spray-client_2.11-1.3.3.jar;C:\Users\pc\.ivy2\cache\io.spray\spray-can_2.11\bundles\spray-can_2.11-1.3.3.jar;C:\Users\pc\.ivy2\cache\io.spray\spray-io_2.11\bundles\spray-io_2.11-1.3.3.jar;C:\Users\pc\.ivy2\cache\org.json4s\json4s-native_2.11\jars\json4s-native_2.11-3.2.10.jar;C:\Users\pc\.ivy2\cache\org.json4s\json4s-core_2.11\jars\json4s-core_2.11-3.2.10.jar;C:\Users\pc\.ivy2\cache\org.json4s\json4s-ast_2.11\jars\json4s-ast_2.11-3.2.10.jar;C:\Users\pc\.ivy2\cache\com.thoughtworks.paranamer\paranamer\jars\paranamer-2.6.jar;C:\Users\pc\.ivy2\cache\org.scala-lang\scalap\jars\scalap-2.11.0.jar;C:\Users\pc\.ivy2\cache\org.scala-lang\scala-compiler\jars\scala-compiler-2.11.0.jar;C:\Users\pc\.ivy2\cache\org.scala-lang.modules\scala-parser-combinators_2.11\bundles\scala-parser-combinators_2.11-1.0.1.jar;C:\Users\pc\.ivy2\cache\net.liftweb\lift-json_2.10\jars\lift-json_2.10-3.0-M1.jar;C:\Users\pc\.ivy2\cache\com.typesafe.scala-logging\scala-logging-slf4j_2.11\jars\scala-logging-slf4j_2.11-2.1.2.jar;C:\Users\pc\.ivy2\cache\com.typesafe.scala-logging\scala-logging-api_2.11\jars\scala-logging-api_2.11-2.1.2.jar;C:\Users\pc\.ivy2\cache\org.slf4j\slf4j-api\jars\slf4j-api-1.7.7.jar;C:\Users\pc\.ivy2\cache\ch.qos.logback\logback-classic\jars\logback-classic-1.1.2.jar;C:\Users\pc\.ivy2\cache\ch.qos.logback\logback-core\jars\logback-core-1.1.2.jar;C:\Users\pc\.ivy2\cache\com.typesafe.slick\slick_2.11\bundles\slick_2.11-3.0.0.jar;C:\Users\pc\.ivy2\cache\org.reactivestreams\reactive-streams\jars\reactive-streams-1.0.0.jar;C:\Users\pc\.ivy2\cache\org.slf4j\slf4j-nop\jars\slf4j-nop-1.6.4.jar;C:\Users\pc\.ivy2\cache\com.github.seratch\awscala_2.11\jars\awscala_2.11-0.5.5.jar;C:\Users\pc\.ivy2\cache\commons-logging\commons-logging\jars\commons-logging-1.1.3.jar;C:\Users\pc\.ivy2\cache\org.apache.httpcomponents\httpclient\jars\httpclient-4.3.6.jar;C:\Users\pc\.ivy2\cache\org.apache.httpcomponents\httpcore\jars\httpcore-4.3.3.jar;C:\Users\pc\.ivy2\cache\commons-codec\commons-codec\jars\commons-codec-1.6.jar;C:\Users\pc\.ivy2\cache\com.fasterxml.jackson.core\jackson-databind\bundles\jackson-databind-2.5.3.jar;C:\Users\pc\.ivy2\cache\com.fasterxml.jackson.core\jackson-annotations\bundles\jackson-annotations-2.5.0.jar;C:\Users\pc\.ivy2\cache\com.fasterxml.jackson.core\jackson-core\bundles\jackson-core-2.5.3.jar;C:\Users\pc\.ivy2\cache\joda-time\joda-time\jars\joda-time-2.9.jar;C:\Users\pc\.ivy2\cache\org.joda\joda-convert\jars\joda-convert-1.8.1.jar;C:\Users\pc\.ivy2\cache\com.amazonaws\aws-java-sdk\jars\aws-java-sdk-1.10.37.jar;C:\Users\pc\.ivy2\cache\com.amazonaws\aws-java-sdk-support\jars\aws-java-sdk-support-1.10.37.jar;C:\Users\pc\.ivy2\cache\com.amazonaws\aws-java-sdk-core\jars\aws-java-sdk-core-1.10.37.jar;C:\Users\pc\.ivy2\cache\com.amazonaws\aws-java-sdk-simpledb\jars\aws-java-sdk-simpledb-1.10.37.jar;C:\Users\pc\.ivy2\cache\com.amazonaws\aws-java-sdk-simpleworkflow\jars\aws-java-sdk-simpleworkflow-1.10.37.jar;C:\Users\pc\.ivy2\cache\com.amazonaws\aws-java-sdk-storagegateway\jars\aws-java-sdk-storagegateway-1.10.37.jar;C:\Users\pc\.ivy2\cache\com.amazonaws\aws-java-sdk-route53\jars\aws-java-sdk-route53-1.10.37.jar;C:\Users\pc\.ivy2\cache\com.amazonaws\aws-java-sdk-s3\jars\aws-java-sdk-s3-1.10.37.jar;C:\Users\pc\.ivy2\cache\com.amazonaws\aws-java-sdk-kms\jars\aws-java-sdk-kms-1.10.37.jar;C:\Users\pc\.ivy2\cache\com.amazonaws\aws-java-sdk-importexport\jars\aws-java-sdk-importexport-1.10.37.jar;C:\Users\pc\.ivy2\cache\com.amazonaws\aws-java-sdk-sts\jars\aws-java-sdk-sts-1.10.37.jar;C:\Users\pc\.ivy2\cache\com.amazonaws\aws-java-sdk-sqs\jars\aws-java-sdk-sqs-1.10.37.jar;C:\Users\pc\.ivy2\cache\com.amazonaws\aws-java-sdk-rds\jars\aws-java-sdk-rds-1.10.37.jar;C:\Users\pc\.ivy2\cache\com.amazonaws\aws-java-sdk-redshift\jars\aws-java-sdk-redshift-1.10.37.jar;C:\Users\pc\.ivy2\cache\com.amazonaws\aws-java-sdk-elasticbeanstalk\jars\aws-java-sdk-elasticbeanstalk-1.10.37.jar;C:\Users\pc\.ivy2\cache\com.amazonaws\aws-java-sdk-glacier\jars\aws-java-sdk-glacier-1.10.37.jar;C:\Users\pc\.ivy2\cache\com.amazonaws\aws-java-sdk-sns\jars\aws-java-sdk-sns-1.10.37.jar;C:\Users\pc\.ivy2\cache\com.amazonaws\aws-java-sdk-iam\jars\aws-java-sdk-iam-1.10.37.jar;C:\Users\pc\.ivy2\cache\com.amazonaws\aws-java-sdk-datapipeline\jars\aws-java-sdk-datapipeline-1.10.37.jar;C:\Users\pc\.ivy2\cache\com.amazonaws\aws-java-sdk-elasticloadbalancing\jars\aws-java-sdk-elasticloadbalancing-1.10.37.jar;C:\Users\pc\.ivy2\cache\com.amazonaws\aws-java-sdk-emr\jars\aws-java-sdk-emr-1.10.37.jar;C:\Users\pc\.ivy2\cache\com.amazonaws\aws-java-sdk-elasticache\jars\aws-java-sdk-elasticache-1.10.37.jar;C:\Users\pc\.ivy2\cache\com.amazonaws\aws-java-sdk-elastictranscoder\jars\aws-java-sdk-elastictranscoder-1.10.37.jar;C:\Users\pc\.ivy2\cache\com.amazonaws\aws-java-sdk-ec2\jars\aws-java-sdk-ec2-1.10.37.jar;C:\Users\pc\.ivy2\cache\com.amazonaws\aws-java-sdk-dynamodb\jars\aws-java-sdk-dynamodb-1.10.37.jar;C:\Users\pc\.ivy2\cache\com.amazonaws\aws-java-sdk-cloudtrail\jars\aws-java-sdk-cloudtrail-1.10.37.jar;C:\Users\pc\.ivy2\cache\com.amazonaws\aws-java-sdk-cloudwatch\jars\aws-java-sdk-cloudwatch-1.10.37.jar;C:\Users\pc\.ivy2\cache\com.amazonaws\aws-java-sdk-logs\jars\aws-java-sdk-logs-1.10.37.jar;C:\Users\pc\.ivy2\cache\com.amazonaws\aws-java-sdk-cognitoidentity\jars\aws-java-sdk-cognitoidentity-1.10.37.jar;C:\Users\pc\.ivy2\cache\com.amazonaws\aws-java-sdk-cognitosync\jars\aws-java-sdk-cognitosync-1.10.37.jar;C:\Users\pc\.ivy2\cache\com.amazonaws\aws-java-sdk-directconnect\jars\aws-java-sdk-directconnect-1.10.37.jar;C:\Users\pc\.ivy2\cache\com.amazonaws\aws-java-sdk-cloudformation\jars\aws-java-sdk-cloudformation-1.10.37.jar;C:\Users\pc\.ivy2\cache\com.amazonaws\aws-java-sdk-cloudfront\jars\aws-java-sdk-cloudfront-1.10.37.jar;C:\Users\pc\.ivy2\cache\com.amazonaws\aws-java-sdk-kinesis\jars\aws-java-sdk-kinesis-1.10.37.jar;C:\Users\pc\.ivy2\cache\com.amazonaws\aws-java-sdk-opsworks\jars\aws-java-sdk-opsworks-1.10.37.jar;C:\Users\pc\.ivy2\cache\com.amazonaws\aws-java-sdk-ses\jars\aws-java-sdk-ses-1.10.37.jar;C:\Users\pc\.ivy2\cache\com.amazonaws\aws-java-sdk-autoscaling\jars\aws-java-sdk-autoscaling-1.10.37.jar;C:\Users\pc\.ivy2\cache\com.amazonaws\aws-java-sdk-cloudsearch\jars\aws-java-sdk-cloudsearch-1.10.37.jar;C:\Users\pc\.ivy2\cache\com.amazonaws\aws-java-sdk-cloudwatchmetrics\jars\aws-java-sdk-cloudwatchmetrics-1.10.37.jar;C:\Users\pc\.ivy2\cache\com.amazonaws\aws-java-sdk-swf-libraries\jars\aws-java-sdk-swf-libraries-1.10.37.jar;C:\Users\pc\.ivy2\cache\com.amazonaws\aws-java-sdk-codedeploy\jars\aws-java-sdk-codedeploy-1.10.37.jar;C:\Users\pc\.ivy2\cache\com.amazonaws\aws-java-sdk-codepipeline\jars\aws-java-sdk-codepipeline-1.10.37.jar;C:\Users\pc\.ivy2\cache\com.amazonaws\aws-java-sdk-config\jars\aws-java-sdk-config-1.10.37.jar;C:\Users\pc\.ivy2\cache\com.amazonaws\aws-java-sdk-lambda\jars\aws-java-sdk-lambda-1.10.37.jar;C:\Users\pc\.ivy2\cache\com.amazonaws\aws-java-sdk-ecs\jars\aws-java-sdk-ecs-1.10.37.jar;C:\Users\pc\.ivy2\cache\com.amazonaws\aws-java-sdk-cloudhsm\jars\aws-java-sdk-cloudhsm-1.10.37.jar;C:\Users\pc\.ivy2\cache\com.amazonaws\aws-java-sdk-ssm\jars\aws-java-sdk-ssm-1.10.37.jar;C:\Users\pc\.ivy2\cache\com.amazonaws\aws-java-sdk-workspaces\jars\aws-java-sdk-workspaces-1.10.37.jar;C:\Users\pc\.ivy2\cache\com.amazonaws\aws-java-sdk-machinelearning\jars\aws-java-sdk-machinelearning-1.10.37.jar;C:\Users\pc\.ivy2\cache\com.amazonaws\aws-java-sdk-directory\jars\aws-java-sdk-directory-1.10.37.jar;C:\Users\pc\.ivy2\cache\com.amazonaws\aws-java-sdk-efs\jars\aws-java-sdk-efs-1.10.37.jar;C:\Users\pc\.ivy2\cache\com.amazonaws\aws-java-sdk-codecommit\jars\aws-java-sdk-codecommit-1.10.37.jar;C:\Users\pc\.ivy2\cache\com.amazonaws\aws-java-sdk-devicefarm\jars\aws-java-sdk-devicefarm-1.10.37.jar;C:\Users\pc\.ivy2\cache\com.amazonaws\aws-java-sdk-elasticsearch\jars\aws-java-sdk-elasticsearch-1.10.37.jar;C:\Users\pc\.ivy2\cache\com.amazonaws\aws-java-sdk-waf\jars\aws-java-sdk-waf-1.10.37.jar;C:\Users\pc\.ivy2\cache\com.amazonaws\aws-java-sdk-marketplacecommerceanalytics\jars\aws-java-sdk-marketplacecommerceanalytics-1.10.37.jar;C:\Users\pc\.ivy2\cache\com.amazonaws\aws-java-sdk-inspector\jars\aws-java-sdk-inspector-1.10.37.jar;C:\Users\pc\.ivy2\cache\com.amazonaws\aws-java-sdk-iot\jars\aws-java-sdk-iot-1.10.37.jar;C:\Users\pc\.ivy2\cache\com.amazonaws\aws-java-sdk-api-gateway\jars\aws-java-sdk-api-gateway-1.10.37.jar;C:\Users\pc\.ivy2\cache\io.spray\spray-testkit_2.11\jars\spray-testkit_2.11-1.3.3.jar;C:\Users\pc\.ivy2\cache\com.typesafe.akka\akka-testkit_2.11\jars\akka-testkit_2.11-2.3.9.jar;C:\Users\pc\.ivy2\cache\com.typesafe.akka\akka-actor_2.11\jars\akka-actor_2.11-2.3.9.jar;C:\Users\pc\.ivy2\cache\org.scalatest\scalatest_2.11\bundles\scalatest_2.11-2.2.4.jar;C:\Users\pc\.ivy2\cache\org.scala-lang\scala-reflect\jars\scala-reflect-2.11.2.jar;C:\Users\pc\.ivy2\cache\org.mockito\mockito-all\jars\mockito-all-1.9.5.jar
Read from stdout: C:\Users\pc\dev\fyp\fyp-dev\DEV-FYP-Process-Controller-Service\src\test\scala\com\support\ProcessControllerlHelperSpec.scala:6: imported `ProcessControllerHelper' is permanently hidden by definition of object ProcessControllerHelper in package support
C:\Users\pc\dev\fyp\fyp-dev\DEV-FYP-Process-Controller-Service\src\test\scala\com\support\ProcessControllerlHelperSpec.scala:6: imported `ProcessControllerHelper' is permanently hidden by definition of object ProcessControllerHelper in package support
Read from stdout: import com.support.ProcessControllerHelper
import com.support.ProcessControllerHelper
Read from stdout: ^
                   ^
Read from stdout: one warning found
one warning found
Scala compilation took 6.523093121 s
New invalidations:
	Set()
Initial set of included nodes: Set()
Previously invalidated, but (transitively) depend on new invalidations:
	Set()
All newly invalidated sources after taking into account (previously) recompiled sources:Set()
Copy resource mappings: 
	
Framework implementation 'org.scalacheck.ScalaCheckFramework' not present.
Framework implementation 'org.specs2.runner.Specs2Framework' not present.
Framework implementation 'org.specs2.runner.SpecsFramework' not present.
Framework implementation 'org.specs.runner.SpecsFramework' not present.
Framework implementation 'com.novocode.junit.JUnitFramework' not present.
Subclass fingerprints: List((org.scalatest.Suite,false,org.scalatest.tools.Framework$$anon$1@1bb40d9))
Annotation fingerprints: List((org.scalatest.WrapWith,false,org.scalatest.tools.Framework$$anon$2@1f5a0a7))
Running TaskDef(com.support.ProcessControllerHelperSpec, org.scalatest.tools.Framework$$anon$1@1bb40d9, false, [SuiteSelector])
Running TaskDef(com.services.ProcessControllerServiceSpec, org.scalatest.tools.Framework$$anon$1@1bb40d9, false, [SuiteSelector])
Read from stdout: ProcessControllerServiceSpec:
ProcessControllerServiceSpec:
-----> Logging
[ SERVICE REQUEST LOG ] -----------------------------
--> Request for service: [ Geo Tagging Service (retrieve lat & lng)  ] received 
--> At Mon Apr 04 11:56:09 BST 2016
--> With query parameter: gts : 115A+Sarsfield+Park+Lucan+Co+Dublin
--> Query parameter is an instance of String = true
Read from stdout: ProcessControllerHelperSpec:
Read from stdout: TEST-1: Calling the recordCount function on the test Data Set
Read from stdout: - should produce the integer value 3
Read from stdout: TEST-3: Passing the parameter 115A Sarsfield Park Lucan Co Dublin to the encode url function
Read from stdout: - should return 115A+Sarsfield+Park+Lucan+Co+Dublin
Read from stdout: TEST-4: Calling the Remote Service switch function with the parameters gts and 115A Sarsfield Park Lucan Co Dublin
Read from stdout: - should retrun content matching the expected JSON provided *** FAILED ***
Read from stdout: java.net.ConnectException: Connection refused: connect
Read from stdout: at java.net.DualStackPlainSocketImpl.connect0(Native Method)
Read from stdout: at java.net.DualStackPlainSocketImpl.socketConnect(Unknown Source)
Read from stdout: at java.net.AbstractPlainSocketImpl.doConnect(Unknown Source)
Read from stdout: at java.net.AbstractPlainSocketImpl.connectToAddress(Unknown Source)
Read from stdout: at java.net.AbstractPlainSocketImpl.connect(Unknown Source)
Read from stdout: at java.net.PlainSocketImpl.connect(Unknown Source)
Read from stdout: at java.net.SocksSocketImpl.connect(Unknown Source)
Read from stdout: at java.net.Socket.connect(Unknown Source)
Read from stdout: at java.net.Socket.connect(Unknown Source)
Read from stdout: at sun.net.NetworkClient.doConnect(Unknown Source)
Read from stdout: ...
Read from stdout: TEST-5: Calling the Get Service function with the parameters: http://localhost:8082/geoTaggings/addresses/115A+Sarsfield+Park+Lucan+Co+Dublin
Read from stdout: - should retrun content matching the expected JSON provided *** FAILED ***
Read from stdout: java.net.ConnectException: Connection refused: connect
Read from stdout: at java.net.DualStackPlainSocketImpl.connect0(Native Method)
Read from stdout: at java.net.DualStackPlainSocketImpl.socketConnect(Unknown Source)
Read from stdout: at java.net.AbstractPlainSocketImpl.doConnect(Unknown Source)
Read from stdout: at java.net.AbstractPlainSocketImpl.connectToAddress(Unknown Source)
Read from stdout: at java.net.AbstractPlainSocketImpl.connect(Unknown Source)
Read from stdout: at java.net.PlainSocketImpl.connect(Unknown Source)
Read from stdout: at java.net.SocksSocketImpl.connect(Unknown Source)
Read from stdout: at java.net.Socket.connect(Unknown Source)
Read from stdout: at java.net.Socket.connect(Unknown Source)
Read from stdout: at sun.net.NetworkClient.doConnect(Unknown Source)
Read from stdout: ...
Read from stdout: TEST-6: Calling the Get Remote Service function with the parameters: Geo Tagging Service (retrieve lat & lng), gts and 115A Sarsfield Park Lucan Co Dublin
Read from stdout: - should retrun content matching the expected JSON provided *** FAILED ***
Read from stdout: java.net.ConnectException: Connection refused: connect
Read from stdout: at java.net.DualStackPlainSocketImpl.connect0(Native Method)
Read from stdout: at java.net.DualStackPlainSocketImpl.socketConnect(Unknown Source)
Read from stdout: at java.net.AbstractPlainSocketImpl.doConnect(Unknown Source)
Read from stdout: at java.net.AbstractPlainSocketImpl.connectToAddress(Unknown Source)
Read from stdout: at java.net.AbstractPlainSocketImpl.connect(Unknown Source)
Read from stdout: at java.net.PlainSocketImpl.connect(Unknown Source)
Read from stdout: at java.net.SocksSocketImpl.connect(Unknown Source)
Read from stdout: at java.net.Socket.connect(Unknown Source)
Read from stdout: at java.net.Socket.connect(Unknown Source)
Read from stdout: at sun.net.NetworkClient.doConnect(Unknown Source)
Read from stdout: ...
Read from stdout: TEST-8: Calling the TimeStamp function
Read from stdout: - should the correct time in Miilis
Read from stdout: TEST-9: Calling the Time Difference function
Read from stdout: - should return a integer value of zero
ProcessControllerHelperSpec:
TEST-1: Calling the recordCount function on the test Data Set
- should produce the integer value 3
TEST-3: Passing the parameter 115A Sarsfield Park Lucan Co Dublin to the encode url function
- should return 115A+Sarsfield+Park+Lucan+Co+Dublin
TEST-4: Calling the Remote Service switch function with the parameters gts and 115A Sarsfield Park Lucan Co Dublin
- should retrun content matching the expected JSON provided *** FAILED ***
  java.net.ConnectException: Connection refused: connect
  at java.net.DualStackPlainSocketImpl.connect0(Native Method)
  at java.net.DualStackPlainSocketImpl.socketConnect(Unknown Source)
  at java.net.AbstractPlainSocketImpl.doConnect(Unknown Source)
  at java.net.AbstractPlainSocketImpl.connectToAddress(Unknown Source)
  at java.net.AbstractPlainSocketImpl.connect(Unknown Source)
  at java.net.PlainSocketImpl.connect(Unknown Source)
  at java.net.SocksSocketImpl.connect(Unknown Source)
  at java.net.Socket.connect(Unknown Source)
  at java.net.Socket.connect(Unknown Source)
  at sun.net.NetworkClient.doConnect(Unknown Source)
  ...
TEST-5: Calling the Get Service function with the parameters: http://localhost:8082/geoTaggings/addresses/115A+Sarsfield+Park+Lucan+Co+Dublin
- should retrun content matching the expected JSON provided *** FAILED ***
  java.net.ConnectException: Connection refused: connect
  at java.net.DualStackPlainSocketImpl.connect0(Native Method)
  at java.net.DualStackPlainSocketImpl.socketConnect(Unknown Source)
  at java.net.AbstractPlainSocketImpl.doConnect(Unknown Source)
  at java.net.AbstractPlainSocketImpl.connectToAddress(Unknown Source)
  at java.net.AbstractPlainSocketImpl.connect(Unknown Source)
  at java.net.PlainSocketImpl.connect(Unknown Source)
  at java.net.SocksSocketImpl.connect(Unknown Source)
  at java.net.Socket.connect(Unknown Source)
  at java.net.Socket.connect(Unknown Source)
  at sun.net.NetworkClient.doConnect(Unknown Source)
  ...
TEST-6: Calling the Get Remote Service function with the parameters: Geo Tagging Service (retrieve lat & lng), gts and 115A Sarsfield Park Lucan Co Dublin
- should retrun content matching the expected JSON provided *** FAILED ***
  java.net.ConnectException: Connection refused: connect
  at java.net.DualStackPlainSocketImpl.connect0(Native Method)
  at java.net.DualStackPlainSocketImpl.socketConnect(Unknown Source)
  at java.net.AbstractPlainSocketImpl.doConnect(Unknown Source)
  at java.net.AbstractPlainSocketImpl.connectToAddress(Unknown Source)
  at java.net.AbstractPlainSocketImpl.connect(Unknown Source)
  at java.net.PlainSocketImpl.connect(Unknown Source)
  at java.net.SocksSocketImpl.connect(Unknown Source)
  at java.net.Socket.connect(Unknown Source)
  at java.net.Socket.connect(Unknown Source)
  at sun.net.NetworkClient.doConnect(Unknown Source)
  ...
TEST-8: Calling the TimeStamp function
- should the correct time in Miilis
TEST-9: Calling the Time Difference function
- should return a integer value of zero
Read from stdout: Run completed in 3 seconds, 777 milliseconds.
Read from stdout: Total number of tests run: 7
Read from stdout: Suites: completed 2, aborted 0
Read from stdout: Tests: succeeded 4, failed 3, canceled 0, ignored 0, pending 0
Read from stdout: *** 3 TESTS FAILED ***
Run completed in 3 seconds, 777 milliseconds.
Total number of tests run: 7
Suites: completed 2, aborted 0
Tests: succeeded 4, failed 3, canceled 0, ignored 0, pending 0
*** 3 TESTS FAILED ***
Passed tests:
	com.services.ProcessControllerServiceSpec
Read from stdout: Failed tests:
Failed tests:
Read from stdout: 	com.support.ProcessControllerHelperSpec
	com.support.ProcessControllerHelperSpec
Read from stdout: (test:test) sbt.TestsFailedException: Tests unsuccessful
(test:test) sbt.TestsFailedException: Tests unsuccessful
Total time: 12 s, completed 04-Apr-2016 11:56:10
> server-post-command-error-handler
> server-post-command-cleanup
> server-handle-next-server-request
> test
Evaluating tasks: test:test
Running task... Cancel: sbt.server.ServerTaskCancellation@1cc454, check cycles: false

Initial source changes: 
	removed:Set()
	added: Set()
	modified: Set()
Removed products: Set()
External API changes: API Changes: Set()
Modified binary dependencies: Set()
Initial directly invalidated sources: Set()

Sources indirectly invalidated by:
	product: Set()
	binary dep: Set()
	external source: Set()
All initially invalidated sources: Set()

Copy resource mappings: 
	

Initial source changes: 
	removed:Set()
	added: Set()
	modified: Set()
Removed products: Set()
External API changes: API Changes: Set()
Modified binary dependencies: Set()
Initial directly invalidated sources: Set()

Sources indirectly invalidated by:
	product: Set()
	binary dep: Set()
	external source: Set()
All initially invalidated sources: Set()

Copy resource mappings: 
	
Framework implementation 'org.scalacheck.ScalaCheckFramework' not present.
Framework implementation 'org.specs2.runner.Specs2Framework' not present.
Framework implementation 'org.specs2.runner.SpecsFramework' not present.
Framework implementation 'org.specs.runner.SpecsFramework' not present.
Framework implementation 'com.novocode.junit.JUnitFramework' not present.
Subclass fingerprints: List((org.scalatest.Suite,false,org.scalatest.tools.Framework$$anon$1@8ba0f5))
Annotation fingerprints: List((org.scalatest.WrapWith,false,org.scalatest.tools.Framework$$anon$2@1fb39a))
Running TaskDef(com.support.ProcessControllerHelperSpec, org.scalatest.tools.Framework$$anon$1@8ba0f5, false, [SuiteSelector])
Running TaskDef(com.services.ProcessControllerServiceSpec, org.scalatest.tools.Framework$$anon$1@8ba0f5, false, [SuiteSelector])
Read from stdout: ProcessControllerServiceSpec:
ProcessControllerServiceSpec:
[{"lat":"53.35870269999999","lng":"-6.4438657"}]
-----> Logging
[ SERVICE REQUEST LOG ] -----------------------------
--> Request for service: [ Geo Tagging Service (retrieve lat & lng)  ] received 
--> At Mon Apr 04 11:56:47 BST 2016
--> With query parameter: gts : 115A+Sarsfield+Park+Lucan+Co+Dublin
--> Query parameter is an instance of String = true
[{"lat":"53.35870269999999","lng":"-6.4438657"}]
Read from stdout: ProcessControllerHelperSpec:
Read from stdout: TEST-1: Calling the recordCount function on the test Data Set
Read from stdout: - should produce the integer value 3
Read from stdout: TEST-3: Passing the parameter 115A Sarsfield Park Lucan Co Dublin to the encode url function
Read from stdout: - should return 115A+Sarsfield+Park+Lucan+Co+Dublin
Read from stdout: TEST-4: Calling the Remote Service switch function with the parameters gts and 115A Sarsfield Park Lucan Co Dublin
Read from stdout: - should retrun content matching the expected JSON provided
Read from stdout: TEST-5: Calling the Get Service function with the parameters: http://localhost:8082/geoTaggings/addresses/115A+Sarsfield+Park+Lucan+Co+Dublin
Read from stdout: - should retrun content matching the expected JSON provided
Read from stdout: TEST-6: Calling the Get Remote Service function with the parameters: Geo Tagging Service (retrieve lat & lng), gts and 115A Sarsfield Park Lucan Co Dublin
Read from stdout: - should retrun content matching the expected JSON provided
Read from stdout: TEST-8: Calling the TimeStamp function
Read from stdout: - should the correct time in Miilis
Read from stdout: TEST-9: Calling the Time Difference function
Read from stdout: - should return a integer value of zero
ProcessControllerHelperSpec:
TEST-1: Calling the recordCount function on the test Data Set
- should produce the integer value 3
TEST-3: Passing the parameter 115A Sarsfield Park Lucan Co Dublin to the encode url function
- should return 115A+Sarsfield+Park+Lucan+Co+Dublin
TEST-4: Calling the Remote Service switch function with the parameters gts and 115A Sarsfield Park Lucan Co Dublin
- should retrun content matching the expected JSON provided
TEST-5: Calling the Get Service function with the parameters: http://localhost:8082/geoTaggings/addresses/115A+Sarsfield+Park+Lucan+Co+Dublin
- should retrun content matching the expected JSON provided
TEST-6: Calling the Get Remote Service function with the parameters: Geo Tagging Service (retrieve lat & lng), gts and 115A Sarsfield Park Lucan Co Dublin
- should retrun content matching the expected JSON provided
TEST-8: Calling the TimeStamp function
- should the correct time in Miilis
TEST-9: Calling the Time Difference function
- should return a integer value of zero
Read from stdout: Run completed in 1 second, 715 milliseconds.
Read from stdout: Total number of tests run: 7
Read from stdout: Suites: completed 2, aborted 0
Read from stdout: Tests: succeeded 7, failed 0, canceled 0, ignored 0, pending 0
Read from stdout: All tests passed.
Run completed in 1 second, 715 milliseconds.
Total number of tests run: 7
Suites: completed 2, aborted 0
Tests: succeeded 7, failed 0, canceled 0, ignored 0, pending 0
All tests passed.
Passed tests:
	com.support.ProcessControllerHelperSpec
	com.services.ProcessControllerServiceSpec
Total time: 3 s, completed 04-Apr-2016 11:56:47
> server-post-command-cleanup
> server-handle-next-server-request
> backgroundRunMain com.server.ProcessConrollerServer
Evaluating tasks: compile:backgroundRunMain
Running task... Cancel: sbt.server.ServerTaskCancellation@f1e05b, check cycles: false

Initial source changes: 
	removed:Set()
	added: Set()
	modified: Set()
Removed products: Set()
External API changes: API Changes: Set()
Modified binary dependencies: Set()
Initial directly invalidated sources: Set()

Sources indirectly invalidated by:
	product: Set()
	binary dep: Set()
	external source: Set()
All initially invalidated sources: Set()

Copy resource mappings: 
	
Total time: 0 s, completed 04-Apr-2016 11:59:48
> server-post-command-cleanup
> server-handle-next-server-request
> jobStop 1
Evaluating tasks: *:jobStop
Running task... Cancel: sbt.server.ServerTaskCancellation@250c5e, check cycles: false
Total time: 0 s, completed 04-Apr-2016 12:46:18
> server-post-command-cleanup
> server-handle-next-server-request
Exception in thread "sbt-bg-threads-1" java.lang.RuntimeException: Nonzero exit code returned from runner: 1
	at scala.sys.package$.error(package.scala:27)
	at sbt.BuildCommon$$anonfun$toError$1.apply(Defaults.scala:1943)
	at sbt.BuildCommon$$anonfun$toError$1.apply(Defaults.scala:1943)
	at scala.Option.foreach(Option.scala:236)
	at sbt.BuildCommon$class.toError(Defaults.scala:1943)
	at sbt.package$.toError(package.scala:4)
	at sbt.plugins.BackgroundRun$$$$b4c18989468ecd5aa4b4422d7494c6$$$$onfun$apply$6.apply(BackgroundRunPlugin.scala:38)
	at sbt.plugins.BackgroundRun$$$$b4c18989468ecd5aa4b4422d7494c6$$$$onfun$apply$6.apply(BackgroundRunPlugin.scala:37)
	at sbt.BackgroundThreadPool$$anonfun$1.apply$mcV$sp(AbstractBackgroundJobService.scala:134)
	at sbt.BackgroundThreadPool$BackgroundRunnable.run(AbstractBackgroundJobService.scala:68)
	at java.util.concurrent.ThreadPoolExecutor.runWorker(Unknown Source)
	at java.util.concurrent.ThreadPoolExecutor$Worker.run(Unknown Source)
	at java.lang.Thread.run(Unknown Source)
> backgroundRunMain com.server.ProcessConrollerServer
Evaluating tasks: compile:backgroundRunMain
Running task... Cancel: sbt.server.ServerTaskCancellation@13be55a, check cycles: false

Initial source changes: 
	removed:Set()
	added: Set()
	modified: Set()
Removed products: Set()
External API changes: API Changes: Set()
Modified binary dependencies: Set()
Initial directly invalidated sources: Set()

Sources indirectly invalidated by:
	product: Set()
	binary dep: Set()
	external source: Set()
All initially invalidated sources: Set()

Copy resource mappings: 
	
Total time: 1 s, completed 04-Apr-2016 14:16:06
> server-post-command-cleanup
> server-handle-next-server-request
> jobStop 2
Evaluating tasks: *:jobStop
Running task... Cancel: sbt.server.ServerTaskCancellation@1b868fe, check cycles: false
Total time: 0 s, completed 04-Apr-2016 14:52:46
> server-post-command-cleanup
Exception in thread "sbt-bg-threads-3" java.lang.RuntimeException: Nonzero exit code returned from runner: 1
	at scala.sys.package$.error(package.scala:27)
	at sbt.BuildCommon$$anonfun$toError$1.apply(Defaults.scala:1943)
	at sbt.BuildCommon$$anonfun$toError$1.apply(Defaults.scala:1943)
	at scala.Option.foreach(Option.scala:236)
	at sbt.BuildCommon$class.toError(Defaults.scala:1943)
	at sbt.package$.toError(package.scala:4)
	at sbt.plugins.BackgroundRun$$$$b4c18989468ecd5aa4b4422d7494c6$$$$onfun$apply$6.apply(BackgroundRunPlugin.scala:38)
	at sbt.plugins.BackgroundRun$$$$b4c18989468ecd5aa4b4422d7494c6$$$$onfun$apply$6.apply(BackgroundRunPlugin.scala:37)
	at sbt.BackgroundThreadPool$$anonfun$1.apply$mcV$sp(AbstractBackgroundJobService.scala:134)
	at sbt.BackgroundThreadPool$BackgroundRunnable.run(AbstractBackgroundJobService.scala:68)
	at java.util.concurrent.ThreadPoolExecutor.runWorker(Unknown Source)
	at java.util.concurrent.ThreadPoolExecutor$Worker.run(Unknown Source)
	at java.lang.Thread.run(Unknown Source)
> server-handle-next-server-request
Done executing sbt server engine, result Right(Exit(0))
Closing listening server socket
Waiting for socket thread
Waiting for request processor thread
Waiting for command engine result
Returning control to sbt launcher with result Exit(0)
Closing the 804@DESKTOP-7UG7O8D logs at Mon Apr 04 16:20:34 BST 2016, goodbye.
